<?xml version="1.0" encoding="UTF-8"?>
<robot generator="Robot 3.2 (Python 3.6.9 on linux)" generated="20200506 23:37:46.147" rpa="false">
<suite id="s1" name="Test4" source="/home/svyazemsky/PycharmProjects/pythonqa/Python-QA-Dec-2019/Lesson29/robottest/test4.robot">
<test id="s1-t1" name="Test title">
<kw name="Open Google" library="opencart_keywords">
<status status="PASS" starttime="20200506 23:37:46.505" endtime="20200506 23:37:52.978"></status>
</kw>
<kw name="Закрыть браузер">
<kw name="Close Browser" library="SeleniumLibrary">
<doc>Closes the current browser.</doc>
<status status="PASS" starttime="20200506 23:37:52.980" endtime="20200506 23:37:52.980"></status>
</kw>
<status status="PASS" starttime="20200506 23:37:52.979" endtime="20200506 23:37:52.981"></status>
</kw>
<tags>
<tag>Google</tag>
<tag>PythonQA</tag>
<tag>Отус</tag>
<tag>Тест</tag>
</tags>
<status status="PASS" starttime="20200506 23:37:46.503" endtime="20200506 23:37:52.981" critical="yes"></status>
</test>
<doc>Suite description</doc>
<status status="PASS" starttime="20200506 23:37:46.150" endtime="20200506 23:37:52.982"></status>
</suite>
<statistics>
<total>
<stat pass="1" fail="0">Critical Tests</stat>
<stat pass="1" fail="0">All Tests</stat>
</total>
<tag>
<stat pass="1" fail="0">Google</stat>
<stat pass="1" fail="0">PythonQA</stat>
<stat pass="1" fail="0">Отус</stat>
<stat pass="1" fail="0">Тест</stat>
</tag>
<suite>
<stat pass="1" fail="0" id="s1" name="Test4">Test4</stat>
</suite>
</statistics>
<errors>
</errors>
</robot>
